ima/build/outputs/logs/manifest-merger-debug-report.txt
-- Merging decision tree log ---
manifest
ADDED from src/main/AndroidManifest.xml:16:1-20:12
INJECTED from src/main/AndroidManifest.xml:16:1-20:12
INJECTED from src/main/AndroidManifest.xml:16:1-20:12
INJECTED from src/main/AndroidManifest.xml:16:1-20:12
INJECTED from src/main/AndroidManifest.xml:16:1-20:12
INJECTED from src/main/AndroidManifest.xml:16:1-20:12
INJECTED from src/main/AndroidManifest.xml:16:1-20:12
	package
		ADDED from src/main/AndroidManifest.xml:17:5-52
		INJECTED from src/main/AndroidManifest.xml
		INJECTED from src/main/AndroidManifest.xml
	android:versionName
		INJECTED from src/main/AndroidManifest.xml
		ADDED from src/main/AndroidManifest.xml:16:1-20:12
		INJECTED from src/main/AndroidManifest.xml
	android:versionCode
		INJECTED from src/main/AndroidManifest.xml
		ADDED from src/main/AndroidManifest.xml:16:1-20:12
		INJECTED from src/main/AndroidManifest.xml
	xmlns:android
		ADDED from src/main/AndroidManifest.xml:16:11-69
meta-data#com.google.android.gms.version
ADDED from src/main/AndroidManifest.xml:18:3-19:62
	android:value
		ADDED from src/main/AndroidManifest.xml:19:7-60
	android:name
		ADDED from src/main/AndroidManifest.xml:18:14-59
uses-sdk
INJECTED from src/main/AndroidManifest.xml reason: use-sdk injection requested
INJECTED from src/main/AndroidManifest.xml
INJECTED from src/main/AndroidManifest.xml
INJECTED from src/main/AndroidManifest.xml
INJECTED from src/main/AndroidManifest.xml
	android:targetSdkVersion
		INJECTED from src/main/AndroidManifest.xml
		ADDED from src/main/AndroidManifest.xml
		INJECTED from src/main/AndroidManifest.xml
	android:minSdkVersion
		INJECTED from src/main/AndroidManifest.xml
		ADDED from src/main/AndroidManifest.xml
		INJECTED from src/main/AndroidManifest.xml